#-----------------------------------------------------------
# Vivado v2015.4 (64-bit)
# SW Build 1412921 on Wed Nov 18 09:43:45 MST 2015
# IP Build 1412160 on Tue Nov 17 13:47:24 MST 2015
# Start of session at: Mon Nov 01 19:02:20 2021
# Process ID: 6328
# Current directory: C:/Users/admin/VIVADO project/project_32bit_risc_processor
# Command line: vivado.exe -gui_launcher_event rodinguilauncherevent2296 C:\Users\admin\VIVADO project\project_32bit_risc_processor\project_32bit_risc_processor.xpr
# Log file: C:/Users/admin/VIVADO project/project_32bit_risc_processor/vivado.log
# Journal file: C:/Users/admin/VIVADO project/project_32bit_risc_processor\vivado.jou
#-----------------------------------------------------------
start_gui
open_project {C:/Users/admin/VIVADO project/project_32bit_risc_processor/project_32bit_risc_processor.xpr}
Scanning sources...
Finished scanning sources
INFO: [IP_Flow 19-234] Refreshing IP repositories
INFO: [IP_Flow 19-1704] No user IP repositories specified
INFO: [IP_Flow 19-2313] Loaded Vivado IP repository 'C:/Xilinx/Vivado/2015.4/data/ip'.
close_project
create_project MIPS_32_RISC_PROCESSOR_WITH_5_STAGE_PIPELNE {C:/Users/admin/VIVADO project/MIPS_32_RISC_PROCESSOR_WITH_5_STAGE_PIPELNE} -part xc7a75tcsg324-3
INFO: [IP_Flow 19-234] Refreshing IP repositories
INFO: [IP_Flow 19-1704] No user IP repositories specified
INFO: [IP_Flow 19-2313] Loaded Vivado IP repository 'C:/Xilinx/Vivado/2015.4/data/ip'.
file mkdir C:/Users/admin/VIVADO project/MIPS_32_RISC_PROCESSOR_WITH_5_STAGE_PIPELNE/MIPS_32_RISC_PROCESSOR_WITH_5_STAGE_PIPELNE.srcs/sources_1/new
file mkdir C:/Users/admin/VIVADO project/MIPS_32_RISC_PROCESSOR_WITH_5_STAGE_PIPELNE/MIPS_32_RISC_PROCESSOR_WITH_5_STAGE_PIPELNE.srcs/sources_1/new
file mkdir C:/Users/admin/VIVADO project/MIPS_32_RISC_PROCESSOR_WITH_5_STAGE_PIPELNE/MIPS_32_RISC_PROCESSOR_WITH_5_STAGE_PIPELNE.srcs/sources_1/new
file mkdir C:/Users/admin/VIVADO project/MIPS_32_RISC_PROCESSOR_WITH_5_STAGE_PIPELNE/MIPS_32_RISC_PROCESSOR_WITH_5_STAGE_PIPELNE.srcs/sources_1/new
file mkdir C:/Users/admin/VIVADO project/MIPS_32_RISC_PROCESSOR_WITH_5_STAGE_PIPELNE/MIPS_32_RISC_PROCESSOR_WITH_5_STAGE_PIPELNE.srcs/sources_1/new
file mkdir C:/Users/admin/VIVADO project/MIPS_32_RISC_PROCESSOR_WITH_5_STAGE_PIPELNE/MIPS_32_RISC_PROCESSOR_WITH_5_STAGE_PIPELNE.srcs/sources_1/new
file mkdir {C:/Users/admin/VIVADO project/MIPS_32_RISC_PROCESSOR_WITH_5_STAGE_PIPELNE/MIPS_32_RISC_PROCESSOR_WITH_5_STAGE_PIPELNE.srcs/sources_1/new}
close [ open {C:/Users/admin/VIVADO project/MIPS_32_RISC_PROCESSOR_WITH_5_STAGE_PIPELNE/MIPS_32_RISC_PROCESSOR_WITH_5_STAGE_PIPELNE.srcs/sources_1/new/MIPS32_PIPELINE.v} w ]
add_files {{C:/Users/admin/VIVADO project/MIPS_32_RISC_PROCESSOR_WITH_5_STAGE_PIPELNE/MIPS_32_RISC_PROCESSOR_WITH_5_STAGE_PIPELNE.srcs/sources_1/new/MIPS32_PIPELINE.v}}
update_compile_order -fileset sources_1
update_compile_order -fileset sim_1
open_project {C:/Users/admin/VIVADO project/project_32bit_risc_processor/project_32bit_risc_processor.xpr}
Scanning sources...
Finished scanning sources
INFO: [IP_Flow 19-234] Refreshing IP repositories
INFO: [IP_Flow 19-1704] No user IP repositories specified
INFO: [IP_Flow 19-2313] Loaded Vivado IP repository 'C:/Xilinx/Vivado/2015.4/data/ip'.
current_project MIPS_32_RISC_PROCESSOR_WITH_5_STAGE_PIPELNE
current_project project_32bit_risc_processor
close_project
exit
INFO: [Common 17-206] Exiting Vivado at Mon Nov 01 23:25:54 2021...
