INFO: [VRFC 10-2263] Analyzing Verilog file "C:/Users/admin/VIVADO project/signed_multiplication_using_booth_algorithm/signed_multiplication_using_booth_algorithm.srcs/sources_1/new/controlpath.v" into library xil_defaultlib
INFO: [VRFC 10-311] analyzing module shiftrg
INFO: [VRFC 10-311] analyzing module shiftrg1
INFO: [VRFC 10-311] analyzing module pipo1
INFO: [VRFC 10-311] analyzing module alu
INFO: [VRFC 10-311] analyzing module counter
INFO: [VRFC 10-311] analyzing module regs
INFO: [VRFC 10-311] analyzing module datapath
INFO: [VRFC 10-311] analyzing module controlpath
INFO: [VRFC 10-2263] Analyzing Verilog file "C:/Users/admin/VIVADO project/signed_multiplication_using_booth_algorithm/signed_multiplication_using_booth_algorithm.srcs/sim_1/new/bsm_test.v" into library xil_defaultlib
INFO: [VRFC 10-311] analyzing module bsm_test
INFO: [VRFC 10-2458] undeclared symbol q, assumed default net type wire [C:/Users/admin/VIVADO project/signed_multiplication_using_booth_algorithm/signed_multiplication_using_booth_algorithm.srcs/sim_1/new/bsm_test.v:28]
INFO: [VRFC 10-2458] undeclared symbol q1, assumed default net type wire [C:/Users/admin/VIVADO project/signed_multiplication_using_booth_algorithm/signed_multiplication_using_booth_algorithm.srcs/sim_1/new/bsm_test.v:28]
INFO: [VRFC 10-2458] undeclared symbol dc, assumed default net type wire [C:/Users/admin/VIVADO project/signed_multiplication_using_booth_algorithm/signed_multiplication_using_booth_algorithm.srcs/sim_1/new/bsm_test.v:28]
INFO: [VRFC 10-2458] undeclared symbol ldm, assumed default net type wire [C:/Users/admin/VIVADO project/signed_multiplication_using_booth_algorithm/signed_multiplication_using_booth_algorithm.srcs/sim_1/new/bsm_test.v:28]
INFO: [VRFC 10-2458] undeclared symbol ldq, assumed default net type wire [C:/Users/admin/VIVADO project/signed_multiplication_using_booth_algorithm/signed_multiplication_using_booth_algorithm.srcs/sim_1/new/bsm_test.v:28]
INFO: [VRFC 10-2458] undeclared symbol lda, assumed default net type wire [C:/Users/admin/VIVADO project/signed_multiplication_using_booth_algorithm/signed_multiplication_using_booth_algorithm.srcs/sim_1/new/bsm_test.v:28]
INFO: [VRFC 10-2458] undeclared symbol rs, assumed default net type wire [C:/Users/admin/VIVADO project/signed_multiplication_using_booth_algorithm/signed_multiplication_using_booth_algorithm.srcs/sim_1/new/bsm_test.v:28]
INFO: [VRFC 10-2458] undeclared symbol ac, assumed default net type wire [C:/Users/admin/VIVADO project/signed_multiplication_using_booth_algorithm/signed_multiplication_using_booth_algorithm.srcs/sim_1/new/bsm_test.v:28]
INFO: [VRFC 10-2458] undeclared symbol t, assumed default net type wire [C:/Users/admin/VIVADO project/signed_multiplication_using_booth_algorithm/signed_multiplication_using_booth_algorithm.srcs/sim_1/new/bsm_test.v:28]
INFO: [VRFC 10-2458] undeclared symbol clra, assumed default net type wire [C:/Users/admin/VIVADO project/signed_multiplication_using_booth_algorithm/signed_multiplication_using_booth_algorithm.srcs/sim_1/new/bsm_test.v:28]
INFO: [VRFC 10-2263] Analyzing Verilog file "C:/Users/admin/VIVADO project/signed_multiplication_using_booth_algorithm/signed_multiplication_using_booth_algorithm.sim/sim_1/behav/glbl.v" into library xil_defaultlib
INFO: [VRFC 10-311] analyzing module glbl
