#-----------------------------------------------------------
# Vivado v2015.4 (64-bit)
# SW Build 1412921 on Wed Nov 18 09:43:45 MST 2015
# IP Build 1412160 on Tue Nov 17 13:47:24 MST 2015
# Start of session at: Mon Aug 16 06:23:58 2021
# Process ID: 12152
# Current directory: C:/Users/admin/VIVADO project/signed_multiplication_using_booth_algorithm
# Command line: vivado.exe -gui_launcher_event rodinguilauncherevent11928 C:\Users\admin\VIVADO project\signed_multiplication_using_booth_algorithm\signed_multiplication_using_booth_algorithm.xpr
# Log file: C:/Users/admin/VIVADO project/signed_multiplication_using_booth_algorithm/vivado.log
# Journal file: C:/Users/admin/VIVADO project/signed_multiplication_using_booth_algorithm\vivado.jou
#-----------------------------------------------------------
start_gui
open_project {C:/Users/admin/VIVADO project/signed_multiplication_using_booth_algorithm/signed_multiplication_using_booth_algorithm.xpr}
Scanning sources...
Finished scanning sources
INFO: [IP_Flow 19-234] Refreshing IP repositories
INFO: [IP_Flow 19-1704] No user IP repositories specified
INFO: [IP_Flow 19-2313] Loaded Vivado IP repository 'C:/Xilinx/Vivado/2015.4/data/ip'.
launch_simulation
INFO: [USF-XSim-27] Simulation object is 'sim_1'
INFO: [USF-XSim-37] Inspecting design source files for 'bsm_test' in fileset 'sim_1'...
INFO: [USF-XSim-97] Finding global include files...
INFO: [USF-XSim-98] Fetching design files from 'sim_1'...
INFO: [USF-XSim-2] XSim::Compile design
INFO: [USF-XSim-61] Executing 'COMPILE' step in 'C:/Users/admin/VIVADO project/signed_multiplication_using_booth_algorithm/signed_multiplication_using_booth_algorithm.sim/sim_1/behav'
"xvlog -m64 --relax -prj bsm_test_vlog.prj"
INFO: [VRFC 10-2263] Analyzing Verilog file "C:/Users/admin/VIVADO project/signed_multiplication_using_booth_algorithm/signed_multiplication_using_booth_algorithm.srcs/sources_1/new/controlpath.v" into library xil_defaultlib
INFO: [VRFC 10-311] analyzing module shiftrg
INFO: [VRFC 10-311] analyzing module shiftrg1
INFO: [VRFC 10-311] analyzing module pipo1
INFO: [VRFC 10-311] analyzing module alu
INFO: [VRFC 10-311] analyzing module counter
INFO: [VRFC 10-311] analyzing module regs
INFO: [VRFC 10-311] analyzing module datapath
INFO: [VRFC 10-311] analyzing module controlpath
INFO: [VRFC 10-2263] Analyzing Verilog file "C:/Users/admin/VIVADO project/signed_multiplication_using_booth_algorithm/signed_multiplication_using_booth_algorithm.srcs/sim_1/new/bsm_test.v" into library xil_defaultlib
INFO: [VRFC 10-311] analyzing module bsm_test
INFO: [VRFC 10-2458] undeclared symbol q, assumed default net type wire [C:/Users/admin/VIVADO project/signed_multiplication_using_booth_algorithm/signed_multiplication_using_booth_algorithm.srcs/sim_1/new/bsm_test.v:28]
INFO: [VRFC 10-2458] undeclared symbol q1, assumed default net type wire [C:/Users/admin/VIVADO project/signed_multiplication_using_booth_algorithm/signed_multiplication_using_booth_algorithm.srcs/sim_1/new/bsm_test.v:28]
INFO: [VRFC 10-2458] undeclared symbol dc, assumed default net type wire [C:/Users/admin/VIVADO project/signed_multiplication_using_booth_algorithm/signed_multiplication_using_booth_algorithm.srcs/sim_1/new/bsm_test.v:28]
INFO: [VRFC 10-2458] undeclared symbol ldm, assumed default net type wire [C:/Users/admin/VIVADO project/signed_multiplication_using_booth_algorithm/signed_multiplication_using_booth_algorithm.srcs/sim_1/new/bsm_test.v:28]
INFO: [VRFC 10-2458] undeclared symbol ldq, assumed default net type wire [C:/Users/admin/VIVADO project/signed_multiplication_using_booth_algorithm/signed_multiplication_using_booth_algorithm.srcs/sim_1/new/bsm_test.v:28]
INFO: [VRFC 10-2458] undeclared symbol lda, assumed default net type wire [C:/Users/admin/VIVADO project/signed_multiplication_using_booth_algorithm/signed_multiplication_using_booth_algorithm.srcs/sim_1/new/bsm_test.v:28]
INFO: [VRFC 10-2458] undeclared symbol rs, assumed default net type wire [C:/Users/admin/VIVADO project/signed_multiplication_using_booth_algorithm/signed_multiplication_using_booth_algorithm.srcs/sim_1/new/bsm_test.v:28]
INFO: [VRFC 10-2458] undeclared symbol ac, assumed default net type wire [C:/Users/admin/VIVADO project/signed_multiplication_using_booth_algorithm/signed_multiplication_using_booth_algorithm.srcs/sim_1/new/bsm_test.v:28]
INFO: [VRFC 10-2458] undeclared symbol t, assumed default net type wire [C:/Users/admin/VIVADO project/signed_multiplication_using_booth_algorithm/signed_multiplication_using_booth_algorithm.srcs/sim_1/new/bsm_test.v:28]
INFO: [VRFC 10-2458] undeclared symbol clra, assumed default net type wire [C:/Users/admin/VIVADO project/signed_multiplication_using_booth_algorithm/signed_multiplication_using_booth_algorithm.srcs/sim_1/new/bsm_test.v:28]
INFO: [VRFC 10-2263] Analyzing Verilog file "C:/Users/admin/VIVADO project/signed_multiplication_using_booth_algorithm/signed_multiplication_using_booth_algorithm.sim/sim_1/behav/glbl.v" into library xil_defaultlib
INFO: [VRFC 10-311] analyzing module glbl
INFO: [USF-XSim-3] XSim::Elaborate design
INFO: [USF-XSim-61] Executing 'ELABORATE' step in 'C:/Users/admin/VIVADO project/signed_multiplication_using_booth_algorithm/signed_multiplication_using_booth_algorithm.sim/sim_1/behav'
Vivado Simulator 2015.4
Copyright 1986-1999, 2001-2015 Xilinx, Inc. All Rights Reserved.
Running: C:/Xilinx/Vivado/2015.4/bin/unwrapped/win64.o/xelab.exe -wto a2512b0b963f4f49b5e0931727edab38 --debug typical --relax --mt 2 -L xil_defaultlib -L unisims_ver -L unimacro_ver -L secureip --snapshot bsm_test_behav xil_defaultlib.bsm_test xil_defaultlib.glbl -log elaborate.log 
Using 2 slave threads.
Starting static elaboration
Completed static elaboration
Starting simulation data flow analysis
Completed simulation data flow analysis
Time Resolution for simulation is 1ps
Compiling module xil_defaultlib.pipo1
Compiling module xil_defaultlib.alu
Compiling module xil_defaultlib.shiftrg
Compiling module xil_defaultlib.shiftrg1
Compiling module xil_defaultlib.counter
Compiling module xil_defaultlib.regs
Compiling module xil_defaultlib.datapath
Compiling module xil_defaultlib.controlpath
Compiling module xil_defaultlib.bsm_test
Compiling module xil_defaultlib.glbl
Built simulation snapshot bsm_test_behav

****** Webtalk v2015.4 (64-bit)
  **** SW Build 1412921 on Wed Nov 18 09:43:45 MST 2015
  **** IP Build 1412160 on Tue Nov 17 13:47:24 MST 2015
    ** Copyright 1986-2015 Xilinx, Inc. All Rights Reserved.

source C:/Users/admin/VIVADO -notrace
couldn't read file "C:/Users/admin/VIVADO": permission denied
INFO: [Common 17-206] Exiting Webtalk at Mon Aug 16 06:27:15 2021...
INFO: [USF-XSim-4] XSim::Simulate design
INFO: [USF-XSim-61] Executing 'SIMULATE' step in 'C:/Users/admin/VIVADO project/signed_multiplication_using_booth_algorithm/signed_multiplication_using_booth_algorithm.sim/sim_1/behav'
INFO: [USF-XSim-98] *** Running xsim
   with args "bsm_test_behav -key {Behavioral:sim_1:Functional:bsm_test} -tclbatch {bsm_test.tcl} -log {simulate.log}"
INFO: [USF-XSim-8] Loading simulator feature
Vivado Simulator 2015.4
Time resolution is 1 ps
source bsm_test.tcl
# set curr_wave [current_wave_config]
# if { [string length $curr_wave] == 0 } {
#   if { [llength [get_objects]] > 0} {
#     add_wave /
#     set_property needs_save false [current_wave_config]
#   } else {
#      send_msg_id Add_Wave-1 WARNING "No top level signals found. Simulator will start without a wave window. If you want to open a wave window go to 'File->New Waveform Configuration' or type 'create_wave_config' in the TCL console."
#   }
# }
# run 1000ns
                   0     x xxxxxxxx xxxxxxxx xxxxxxxx x x x
                   5     x xxxxxxxx xxxxxxxx xxxxxxxx x x 0
                  15     X xxxxxxxx 00001001 xxxxxxxx 1 x 0
                  25     9 00000000 00001001 11110110 1 0 0
                  35     4 00000000 00000100 11110110 0 1 0
                  45 62980 11110110 00000100 11110110 0 1 0
                  55 31490 01111011 00000010 11110110 0 0 0
                  65 34050 10000101 00000010 11110110 0 0 0
                  75 17025 01000010 10000001 11110110 1 0 0
                  85  8512 00100001 01000000 11110110 0 1 0
                  95  5952 00010111 01000000 11110110 0 1 0
                 105  2976 00001011 10100000 11110110 0 0 0
                 115  5536 00010101 10100000 11110110 0 0 0
                 125  2768 00001010 11010000 11110110 0 0 0
                 135 34152 10000101 01101000 11110110 0 0 0
                 145 17076 01000010 10110100 11110110 0 0 0
                 155  8538 00100001 01011010 11110110 0 0 1
INFO: [USF-XSim-96] XSim completed. Design snapshot 'bsm_test_behav' loaded.
INFO: [USF-XSim-97] XSim simulation ran for 1000ns
launch_simulation: Time (s): cpu = 00:00:03 ; elapsed = 00:00:08 . Memory (MB): peak = 903.840 ; gain = 0.000
close_sim
INFO: [Simtcl 6-16] Simulation closed
launch_simulation
INFO: [USF-XSim-27] Simulation object is 'sim_1'
INFO: [USF-XSim-37] Inspecting design source files for 'bsm_test' in fileset 'sim_1'...
INFO: [USF-XSim-97] Finding global include files...
INFO: [USF-XSim-98] Fetching design files from 'sim_1'...
INFO: [USF-XSim-2] XSim::Compile design
INFO: [USF-XSim-61] Executing 'COMPILE' step in 'C:/Users/admin/VIVADO project/signed_multiplication_using_booth_algorithm/signed_multiplication_using_booth_algorithm.sim/sim_1/behav'
"xvlog -m64 --relax -prj bsm_test_vlog.prj"
INFO: [VRFC 10-2263] Analyzing Verilog file "C:/Users/admin/VIVADO project/signed_multiplication_using_booth_algorithm/signed_multiplication_using_booth_algorithm.srcs/sources_1/new/controlpath.v" into library xil_defaultlib
INFO: [VRFC 10-311] analyzing module shiftrg
INFO: [VRFC 10-311] analyzing module shiftrg1
INFO: [VRFC 10-311] analyzing module pipo1
INFO: [VRFC 10-311] analyzing module alu
INFO: [VRFC 10-311] analyzing module counter
INFO: [VRFC 10-311] analyzing module regs
INFO: [VRFC 10-311] analyzing module datapath
INFO: [VRFC 10-311] analyzing module controlpath
INFO: [VRFC 10-2263] Analyzing Verilog file "C:/Users/admin/VIVADO project/signed_multiplication_using_booth_algorithm/signed_multiplication_using_booth_algorithm.srcs/sim_1/new/bsm_test.v" into library xil_defaultlib
INFO: [VRFC 10-311] analyzing module bsm_test
INFO: [VRFC 10-2458] undeclared symbol q, assumed default net type wire [C:/Users/admin/VIVADO project/signed_multiplication_using_booth_algorithm/signed_multiplication_using_booth_algorithm.srcs/sim_1/new/bsm_test.v:28]
INFO: [VRFC 10-2458] undeclared symbol q1, assumed default net type wire [C:/Users/admin/VIVADO project/signed_multiplication_using_booth_algorithm/signed_multiplication_using_booth_algorithm.srcs/sim_1/new/bsm_test.v:28]
INFO: [VRFC 10-2458] undeclared symbol dc, assumed default net type wire [C:/Users/admin/VIVADO project/signed_multiplication_using_booth_algorithm/signed_multiplication_using_booth_algorithm.srcs/sim_1/new/bsm_test.v:28]
INFO: [VRFC 10-2458] undeclared symbol ldm, assumed default net type wire [C:/Users/admin/VIVADO project/signed_multiplication_using_booth_algorithm/signed_multiplication_using_booth_algorithm.srcs/sim_1/new/bsm_test.v:28]
INFO: [VRFC 10-2458] undeclared symbol ldq, assumed default net type wire [C:/Users/admin/VIVADO project/signed_multiplication_using_booth_algorithm/signed_multiplication_using_booth_algorithm.srcs/sim_1/new/bsm_test.v:28]
INFO: [VRFC 10-2458] undeclared symbol lda, assumed default net type wire [C:/Users/admin/VIVADO project/signed_multiplication_using_booth_algorithm/signed_multiplication_using_booth_algorithm.srcs/sim_1/new/bsm_test.v:28]
INFO: [VRFC 10-2458] undeclared symbol rs, assumed default net type wire [C:/Users/admin/VIVADO project/signed_multiplication_using_booth_algorithm/signed_multiplication_using_booth_algorithm.srcs/sim_1/new/bsm_test.v:28]
INFO: [VRFC 10-2458] undeclared symbol ac, assumed default net type wire [C:/Users/admin/VIVADO project/signed_multiplication_using_booth_algorithm/signed_multiplication_using_booth_algorithm.srcs/sim_1/new/bsm_test.v:28]
INFO: [VRFC 10-2458] undeclared symbol t, assumed default net type wire [C:/Users/admin/VIVADO project/signed_multiplication_using_booth_algorithm/signed_multiplication_using_booth_algorithm.srcs/sim_1/new/bsm_test.v:28]
INFO: [VRFC 10-2458] undeclared symbol clra, assumed default net type wire [C:/Users/admin/VIVADO project/signed_multiplication_using_booth_algorithm/signed_multiplication_using_booth_algorithm.srcs/sim_1/new/bsm_test.v:28]
INFO: [VRFC 10-2263] Analyzing Verilog file "C:/Users/admin/VIVADO project/signed_multiplication_using_booth_algorithm/signed_multiplication_using_booth_algorithm.sim/sim_1/behav/glbl.v" into library xil_defaultlib
INFO: [VRFC 10-311] analyzing module glbl
INFO: [USF-XSim-3] XSim::Elaborate design
INFO: [USF-XSim-61] Executing 'ELABORATE' step in 'C:/Users/admin/VIVADO project/signed_multiplication_using_booth_algorithm/signed_multiplication_using_booth_algorithm.sim/sim_1/behav'
Vivado Simulator 2015.4
Copyright 1986-1999, 2001-2015 Xilinx, Inc. All Rights Reserved.
Running: C:/Xilinx/Vivado/2015.4/bin/unwrapped/win64.o/xelab.exe -wto a2512b0b963f4f49b5e0931727edab38 --debug typical --relax --mt 2 -L xil_defaultlib -L unisims_ver -L unimacro_ver -L secureip --snapshot bsm_test_behav xil_defaultlib.bsm_test xil_defaultlib.glbl -log elaborate.log 
Using 2 slave threads.
Starting static elaboration
Completed static elaboration
Starting simulation data flow analysis
Completed simulation data flow analysis
Time Resolution for simulation is 1ps
Compiling module xil_defaultlib.pipo1
Compiling module xil_defaultlib.alu
Compiling module xil_defaultlib.shiftrg
Compiling module xil_defaultlib.shiftrg1
Compiling module xil_defaultlib.counter
Compiling module xil_defaultlib.regs
Compiling module xil_defaultlib.datapath
Compiling module xil_defaultlib.controlpath
Compiling module xil_defaultlib.bsm_test
Compiling module xil_defaultlib.glbl
Built simulation snapshot bsm_test_behav

****** Webtalk v2015.4 (64-bit)
  **** SW Build 1412921 on Wed Nov 18 09:43:45 MST 2015
  **** IP Build 1412160 on Tue Nov 17 13:47:24 MST 2015
    ** Copyright 1986-2015 Xilinx, Inc. All Rights Reserved.

source C:/Users/admin/VIVADO -notrace
couldn't read file "C:/Users/admin/VIVADO": permission denied
INFO: [Common 17-206] Exiting Webtalk at Mon Aug 16 06:41:22 2021...
run_program: Time (s): cpu = 00:00:00 ; elapsed = 00:00:06 . Memory (MB): peak = 908.539 ; gain = 0.000
INFO: [USF-XSim-4] XSim::Simulate design
INFO: [USF-XSim-61] Executing 'SIMULATE' step in 'C:/Users/admin/VIVADO project/signed_multiplication_using_booth_algorithm/signed_multiplication_using_booth_algorithm.sim/sim_1/behav'
INFO: [USF-XSim-98] *** Running xsim
   with args "bsm_test_behav -key {Behavioral:sim_1:Functional:bsm_test} -tclbatch {bsm_test.tcl} -log {simulate.log}"
INFO: [USF-XSim-8] Loading simulator feature
Vivado Simulator 2015.4
Time resolution is 1 ps
source bsm_test.tcl
# set curr_wave [current_wave_config]
# if { [string length $curr_wave] == 0 } {
#   if { [llength [get_objects]] > 0} {
#     add_wave /
#     set_property needs_save false [current_wave_config]
#   } else {
#      send_msg_id Add_Wave-1 WARNING "No top level signals found. Simulator will start without a wave window. If you want to open a wave window go to 'File->New Waveform Configuration' or type 'create_wave_config' in the TCL console."
#   }
# }
# run 1000ns
                   0     x xxxxxxxx xxxxxxxx xxxxxxxx x x x
                   5     x xxxxxxxx xxxxxxxx xxxxxxxx x x 0
                  15     X xxxxxxxx 00000101 xxxxxxxx 1 x 0
                  25     5 00000000 00000101 11110110 1 0 0
                  35     2 00000000 00000010 11110110 0 1 0
                  45  2562 00001010 00000010 11110110 0 1 0
                  55 34049 10000101 00000001 11110110 1 0 0
                  65 31489 01111011 00000001 11110110 1 0 0
                  75 48512 10111101 10000000 11110110 0 1 0
                  85 51072 11000111 10000000 11110110 0 1 0
                  95 25536 01100011 11000000 11110110 0 0 0
                 105 22976 01011001 11000000 11110110 0 0 0
                 115 44256 10101100 11100000 11110110 0 0 0
                 125 54896 11010110 01110000 11110110 0 0 0
                 135 27448 01101011 00111000 11110110 0 0 0
                 145 46492 10110101 10011100 11110110 0 0 0
                 155 23246 01011010 11001110 11110110 0 0 1
INFO: [USF-XSim-96] XSim completed. Design snapshot 'bsm_test_behav' loaded.
INFO: [USF-XSim-97] XSim simulation ran for 1000ns
launch_simulation: Time (s): cpu = 00:00:01 ; elapsed = 00:00:09 . Memory (MB): peak = 908.539 ; gain = 0.000
close_sim
INFO: [Simtcl 6-16] Simulation closed
launch_simulation
INFO: [USF-XSim-27] Simulation object is 'sim_1'
INFO: [USF-XSim-37] Inspecting design source files for 'bsm_test' in fileset 'sim_1'...
INFO: [USF-XSim-97] Finding global include files...
INFO: [USF-XSim-98] Fetching design files from 'sim_1'...
INFO: [USF-XSim-2] XSim::Compile design
INFO: [USF-XSim-61] Executing 'COMPILE' step in 'C:/Users/admin/VIVADO project/signed_multiplication_using_booth_algorithm/signed_multiplication_using_booth_algorithm.sim/sim_1/behav'
"xvlog -m64 --relax -prj bsm_test_vlog.prj"
INFO: [VRFC 10-2263] Analyzing Verilog file "C:/Users/admin/VIVADO project/signed_multiplication_using_booth_algorithm/signed_multiplication_using_booth_algorithm.srcs/sources_1/new/controlpath.v" into library xil_defaultlib
INFO: [VRFC 10-311] analyzing module shiftrg
INFO: [VRFC 10-311] analyzing module shiftrg1
INFO: [VRFC 10-311] analyzing module pipo1
INFO: [VRFC 10-311] analyzing module alu
INFO: [VRFC 10-311] analyzing module counter
INFO: [VRFC 10-311] analyzing module regs
INFO: [VRFC 10-311] analyzing module datapath
INFO: [VRFC 10-311] analyzing module controlpath
INFO: [VRFC 10-2263] Analyzing Verilog file "C:/Users/admin/VIVADO project/signed_multiplication_using_booth_algorithm/signed_multiplication_using_booth_algorithm.srcs/sim_1/new/bsm_test.v" into library xil_defaultlib
INFO: [VRFC 10-311] analyzing module bsm_test
INFO: [VRFC 10-2458] undeclared symbol q, assumed default net type wire [C:/Users/admin/VIVADO project/signed_multiplication_using_booth_algorithm/signed_multiplication_using_booth_algorithm.srcs/sim_1/new/bsm_test.v:28]
INFO: [VRFC 10-2458] undeclared symbol q1, assumed default net type wire [C:/Users/admin/VIVADO project/signed_multiplication_using_booth_algorithm/signed_multiplication_using_booth_algorithm.srcs/sim_1/new/bsm_test.v:28]
INFO: [VRFC 10-2458] undeclared symbol dc, assumed default net type wire [C:/Users/admin/VIVADO project/signed_multiplication_using_booth_algorithm/signed_multiplication_using_booth_algorithm.srcs/sim_1/new/bsm_test.v:28]
INFO: [VRFC 10-2458] undeclared symbol ldm, assumed default net type wire [C:/Users/admin/VIVADO project/signed_multiplication_using_booth_algorithm/signed_multiplication_using_booth_algorithm.srcs/sim_1/new/bsm_test.v:28]
INFO: [VRFC 10-2458] undeclared symbol ldq, assumed default net type wire [C:/Users/admin/VIVADO project/signed_multiplication_using_booth_algorithm/signed_multiplication_using_booth_algorithm.srcs/sim_1/new/bsm_test.v:28]
INFO: [VRFC 10-2458] undeclared symbol lda, assumed default net type wire [C:/Users/admin/VIVADO project/signed_multiplication_using_booth_algorithm/signed_multiplication_using_booth_algorithm.srcs/sim_1/new/bsm_test.v:28]
INFO: [VRFC 10-2458] undeclared symbol rs, assumed default net type wire [C:/Users/admin/VIVADO project/signed_multiplication_using_booth_algorithm/signed_multiplication_using_booth_algorithm.srcs/sim_1/new/bsm_test.v:28]
INFO: [VRFC 10-2458] undeclared symbol ac, assumed default net type wire [C:/Users/admin/VIVADO project/signed_multiplication_using_booth_algorithm/signed_multiplication_using_booth_algorithm.srcs/sim_1/new/bsm_test.v:28]
INFO: [VRFC 10-2458] undeclared symbol t, assumed default net type wire [C:/Users/admin/VIVADO project/signed_multiplication_using_booth_algorithm/signed_multiplication_using_booth_algorithm.srcs/sim_1/new/bsm_test.v:28]
INFO: [VRFC 10-2458] undeclared symbol clra, assumed default net type wire [C:/Users/admin/VIVADO project/signed_multiplication_using_booth_algorithm/signed_multiplication_using_booth_algorithm.srcs/sim_1/new/bsm_test.v:28]
INFO: [VRFC 10-2263] Analyzing Verilog file "C:/Users/admin/VIVADO project/signed_multiplication_using_booth_algorithm/signed_multiplication_using_booth_algorithm.sim/sim_1/behav/glbl.v" into library xil_defaultlib
INFO: [VRFC 10-311] analyzing module glbl
INFO: [USF-XSim-3] XSim::Elaborate design
INFO: [USF-XSim-61] Executing 'ELABORATE' step in 'C:/Users/admin/VIVADO project/signed_multiplication_using_booth_algorithm/signed_multiplication_using_booth_algorithm.sim/sim_1/behav'
Vivado Simulator 2015.4
Copyright 1986-1999, 2001-2015 Xilinx, Inc. All Rights Reserved.
Running: C:/Xilinx/Vivado/2015.4/bin/unwrapped/win64.o/xelab.exe -wto a2512b0b963f4f49b5e0931727edab38 --debug typical --relax --mt 2 -L xil_defaultlib -L unisims_ver -L unimacro_ver -L secureip --snapshot bsm_test_behav xil_defaultlib.bsm_test xil_defaultlib.glbl -log elaborate.log 
Using 2 slave threads.
Starting static elaboration
Completed static elaboration
Starting simulation data flow analysis
Completed simulation data flow analysis
Time Resolution for simulation is 1ps
Compiling module xil_defaultlib.pipo1
Compiling module xil_defaultlib.alu
Compiling module xil_defaultlib.shiftrg
Compiling module xil_defaultlib.shiftrg1
Compiling module xil_defaultlib.counter
Compiling module xil_defaultlib.regs
Compiling module xil_defaultlib.datapath
Compiling module xil_defaultlib.controlpath
Compiling module xil_defaultlib.bsm_test
Compiling module xil_defaultlib.glbl
Built simulation snapshot bsm_test_behav

****** Webtalk v2015.4 (64-bit)
  **** SW Build 1412921 on Wed Nov 18 09:43:45 MST 2015
  **** IP Build 1412160 on Tue Nov 17 13:47:24 MST 2015
    ** Copyright 1986-2015 Xilinx, Inc. All Rights Reserved.

source C:/Users/admin/VIVADO -notrace
couldn't read file "C:/Users/admin/VIVADO": permission denied
INFO: [Common 17-206] Exiting Webtalk at Mon Aug 16 06:45:00 2021...
INFO: [USF-XSim-4] XSim::Simulate design
INFO: [USF-XSim-61] Executing 'SIMULATE' step in 'C:/Users/admin/VIVADO project/signed_multiplication_using_booth_algorithm/signed_multiplication_using_booth_algorithm.sim/sim_1/behav'
INFO: [USF-XSim-98] *** Running xsim
   with args "bsm_test_behav -key {Behavioral:sim_1:Functional:bsm_test} -tclbatch {bsm_test.tcl} -log {simulate.log}"
INFO: [USF-XSim-8] Loading simulator feature
Vivado Simulator 2015.4
Time resolution is 1 ps
source bsm_test.tcl
# set curr_wave [current_wave_config]
# if { [string length $curr_wave] == 0 } {
#   if { [llength [get_objects]] > 0} {
#     add_wave /
#     set_property needs_save false [current_wave_config]
#   } else {
#      send_msg_id Add_Wave-1 WARNING "No top level signals found. Simulator will start without a wave window. If you want to open a wave window go to 'File->New Waveform Configuration' or type 'create_wave_config' in the TCL console."
#   }
# }
# run 1000ns
                   0     x xxxxxxxx xxxxxxxx xxxxxxxx x x x
                   5     x xxxxxxxx xxxxxxxx xxxxxxxx x x 0
                  15     X xxxxxxxx 00000101 xxxxxxxx 1 x 0
                  25     5 00000000 00000101 11111010 1 0 0
                  35     2 00000000 00000010 11111010 0 1 0
                  45  1538 00000110 00000010 11111010 0 1 0
                  55   769 00000011 00000001 11111010 1 0 0
                  65 64769 11111101 00000001 11111010 1 0 0
                  75 65152 11111110 10000000 11111010 0 1 0
                  85  1152 00000100 10000000 11111010 0 1 0
                  95   576 00000010 01000000 11111010 0 0 0
                 105 64576 11111100 01000000 11111010 0 0 0
                 115 65056 11111110 00100000 11111010 0 0 0
                 125 65296 11111111 00010000 11111010 0 0 0
                 135 65416 11111111 10001000 11111010 0 0 0
                 145 65476 11111111 11000100 11111010 0 0 0
                 155 65506 11111111 11100010 11111010 0 0 1
INFO: [USF-XSim-96] XSim completed. Design snapshot 'bsm_test_behav' loaded.
INFO: [USF-XSim-97] XSim simulation ran for 1000ns
launch_simulation: Time (s): cpu = 00:00:01 ; elapsed = 00:00:07 . Memory (MB): peak = 916.977 ; gain = 0.000
close_sim
INFO: [Simtcl 6-16] Simulation closed
launch_simulation
INFO: [USF-XSim-27] Simulation object is 'sim_1'
INFO: [USF-XSim-37] Inspecting design source files for 'bsm_test' in fileset 'sim_1'...
INFO: [USF-XSim-97] Finding global include files...
INFO: [USF-XSim-98] Fetching design files from 'sim_1'...
INFO: [USF-XSim-2] XSim::Compile design
INFO: [USF-XSim-61] Executing 'COMPILE' step in 'C:/Users/admin/VIVADO project/signed_multiplication_using_booth_algorithm/signed_multiplication_using_booth_algorithm.sim/sim_1/behav'
"xvlog -m64 --relax -prj bsm_test_vlog.prj"
INFO: [VRFC 10-2263] Analyzing Verilog file "C:/Users/admin/VIVADO project/signed_multiplication_using_booth_algorithm/signed_multiplication_using_booth_algorithm.srcs/sources_1/new/controlpath.v" into library xil_defaultlib
INFO: [VRFC 10-311] analyzing module shiftrg
INFO: [VRFC 10-311] analyzing module shiftrg1
INFO: [VRFC 10-311] analyzing module pipo1
INFO: [VRFC 10-311] analyzing module alu
INFO: [VRFC 10-311] analyzing module counter
INFO: [VRFC 10-311] analyzing module regs
INFO: [VRFC 10-311] analyzing module datapath
INFO: [VRFC 10-311] analyzing module controlpath
INFO: [VRFC 10-2263] Analyzing Verilog file "C:/Users/admin/VIVADO project/signed_multiplication_using_booth_algorithm/signed_multiplication_using_booth_algorithm.srcs/sim_1/new/bsm_test.v" into library xil_defaultlib
INFO: [VRFC 10-311] analyzing module bsm_test
INFO: [VRFC 10-2458] undeclared symbol q, assumed default net type wire [C:/Users/admin/VIVADO project/signed_multiplication_using_booth_algorithm/signed_multiplication_using_booth_algorithm.srcs/sim_1/new/bsm_test.v:28]
INFO: [VRFC 10-2458] undeclared symbol q1, assumed default net type wire [C:/Users/admin/VIVADO project/signed_multiplication_using_booth_algorithm/signed_multiplication_using_booth_algorithm.srcs/sim_1/new/bsm_test.v:28]
INFO: [VRFC 10-2458] undeclared symbol dc, assumed default net type wire [C:/Users/admin/VIVADO project/signed_multiplication_using_booth_algorithm/signed_multiplication_using_booth_algorithm.srcs/sim_1/new/bsm_test.v:28]
INFO: [VRFC 10-2458] undeclared symbol ldm, assumed default net type wire [C:/Users/admin/VIVADO project/signed_multiplication_using_booth_algorithm/signed_multiplication_using_booth_algorithm.srcs/sim_1/new/bsm_test.v:28]
INFO: [VRFC 10-2458] undeclared symbol ldq, assumed default net type wire [C:/Users/admin/VIVADO project/signed_multiplication_using_booth_algorithm/signed_multiplication_using_booth_algorithm.srcs/sim_1/new/bsm_test.v:28]
INFO: [VRFC 10-2458] undeclared symbol lda, assumed default net type wire [C:/Users/admin/VIVADO project/signed_multiplication_using_booth_algorithm/signed_multiplication_using_booth_algorithm.srcs/sim_1/new/bsm_test.v:28]
INFO: [VRFC 10-2458] undeclared symbol rs, assumed default net type wire [C:/Users/admin/VIVADO project/signed_multiplication_using_booth_algorithm/signed_multiplication_using_booth_algorithm.srcs/sim_1/new/bsm_test.v:28]
INFO: [VRFC 10-2458] undeclared symbol ac, assumed default net type wire [C:/Users/admin/VIVADO project/signed_multiplication_using_booth_algorithm/signed_multiplication_using_booth_algorithm.srcs/sim_1/new/bsm_test.v:28]
INFO: [VRFC 10-2458] undeclared symbol t, assumed default net type wire [C:/Users/admin/VIVADO project/signed_multiplication_using_booth_algorithm/signed_multiplication_using_booth_algorithm.srcs/sim_1/new/bsm_test.v:28]
INFO: [VRFC 10-2458] undeclared symbol clra, assumed default net type wire [C:/Users/admin/VIVADO project/signed_multiplication_using_booth_algorithm/signed_multiplication_using_booth_algorithm.srcs/sim_1/new/bsm_test.v:28]
INFO: [VRFC 10-2263] Analyzing Verilog file "C:/Users/admin/VIVADO project/signed_multiplication_using_booth_algorithm/signed_multiplication_using_booth_algorithm.sim/sim_1/behav/glbl.v" into library xil_defaultlib
INFO: [VRFC 10-311] analyzing module glbl
INFO: [USF-XSim-3] XSim::Elaborate design
INFO: [USF-XSim-61] Executing 'ELABORATE' step in 'C:/Users/admin/VIVADO project/signed_multiplication_using_booth_algorithm/signed_multiplication_using_booth_algorithm.sim/sim_1/behav'
Vivado Simulator 2015.4
Copyright 1986-1999, 2001-2015 Xilinx, Inc. All Rights Reserved.
Running: C:/Xilinx/Vivado/2015.4/bin/unwrapped/win64.o/xelab.exe -wto a2512b0b963f4f49b5e0931727edab38 --debug typical --relax --mt 2 -L xil_defaultlib -L unisims_ver -L unimacro_ver -L secureip --snapshot bsm_test_behav xil_defaultlib.bsm_test xil_defaultlib.glbl -log elaborate.log 
Using 2 slave threads.
Starting static elaboration
Completed static elaboration
Starting simulation data flow analysis
Completed simulation data flow analysis
Time Resolution for simulation is 1ps
Compiling module xil_defaultlib.pipo1
Compiling module xil_defaultlib.alu
Compiling module xil_defaultlib.shiftrg
Compiling module xil_defaultlib.shiftrg1
Compiling module xil_defaultlib.counter
Compiling module xil_defaultlib.regs
Compiling module xil_defaultlib.datapath
Compiling module xil_defaultlib.controlpath
Compiling module xil_defaultlib.bsm_test
Compiling module xil_defaultlib.glbl
Built simulation snapshot bsm_test_behav

****** Webtalk v2015.4 (64-bit)
  **** SW Build 1412921 on Wed Nov 18 09:43:45 MST 2015
  **** IP Build 1412160 on Tue Nov 17 13:47:24 MST 2015
    ** Copyright 1986-2015 Xilinx, Inc. All Rights Reserved.

source C:/Users/admin/VIVADO -notrace
couldn't read file "C:/Users/admin/VIVADO": permission denied
INFO: [Common 17-206] Exiting Webtalk at Mon Aug 16 06:51:05 2021...
INFO: [USF-XSim-4] XSim::Simulate design
INFO: [USF-XSim-61] Executing 'SIMULATE' step in 'C:/Users/admin/VIVADO project/signed_multiplication_using_booth_algorithm/signed_multiplication_using_booth_algorithm.sim/sim_1/behav'
INFO: [USF-XSim-98] *** Running xsim
   with args "bsm_test_behav -key {Behavioral:sim_1:Functional:bsm_test} -tclbatch {bsm_test.tcl} -log {simulate.log}"
INFO: [USF-XSim-8] Loading simulator feature
Vivado Simulator 2015.4
Time resolution is 1 ps
source bsm_test.tcl
# set curr_wave [current_wave_config]
# if { [string length $curr_wave] == 0 } {
#   if { [llength [get_objects]] > 0} {
#     add_wave /
#     set_property needs_save false [current_wave_config]
#   } else {
#      send_msg_id Add_Wave-1 WARNING "No top level signals found. Simulator will start without a wave window. If you want to open a wave window go to 'File->New Waveform Configuration' or type 'create_wave_config' in the TCL console."
#   }
# }
# run 1000ns
                   0     x xxxxxxxx xxxxxxxx xxxxxxxx x x x
                   5     x xxxxxxxx xxxxxxxx xxxxxxxx x x 0
                  15     X xxxxxxxx 00000101 xxxxxxxx 1 x 0
                  25     5 00000000 00000101 11111010 1 0 0
                  35     2 00000000 00000010 11111010 0 1 0
                  45  1538 00000110 00000010 11111010 0 1 0
                  55   769 00000011 00000001 11111010 1 0 0
                  65 64769 11111101 00000001 11111010 1 0 0
                  75 65152 11111110 10000000 11111010 0 1 0
                  85  1152 00000100 10000000 11111010 0 1 0
                  95   576 00000010 01000000 11111010 0 0 0
                 105 64576 11111100 01000000 11111010 0 0 0
                 115 65056 11111110 00100000 11111010 0 0 0
                 125 65296 11111111 00010000 11111010 0 0 0
                 135 65416 11111111 10001000 11111010 0 0 0
                 145 65476 11111111 11000100 11111010 0 0 0
                 155 65506 11111111 11100010 11111010 0 0 1
INFO: [USF-XSim-96] XSim completed. Design snapshot 'bsm_test_behav' loaded.
INFO: [USF-XSim-97] XSim simulation ran for 1000ns
launch_simulation: Time (s): cpu = 00:00:02 ; elapsed = 00:00:08 . Memory (MB): peak = 916.977 ; gain = 0.000
close_sim
INFO: [Simtcl 6-16] Simulation closed
exit
INFO: [Common 17-206] Exiting Vivado at Mon Aug 16 07:02:24 2021...
