#-----------------------------------------------------------
# xsim v2015.4 (64-bit)
# SW Build 1412921 on Wed Nov 18 09:43:45 MST 2015
# IP Build 1412160 on Tue Nov 17 13:47:24 MST 2015
# Start of session at: Wed Aug 24 22:48:31 2022
# Process ID: 13924
# Current directory: C:/Users/admin/VIVADO project/MIPS_32_RISC_PROCESSOR_WITH_5_STAGE_PIPELNE/MIPS_32_RISC_PROCESSOR_WITH_5_STAGE_PIPELNE.sim/sim_1/behav
# Command line: xsim.exe -log simulate.log -mode tcl -source {xsim.dir/test_bench_behav/xsim_script.tcl}
# Log file: C:/Users/admin/VIVADO project/MIPS_32_RISC_PROCESSOR_WITH_5_STAGE_PIPELNE/MIPS_32_RISC_PROCESSOR_WITH_5_STAGE_PIPELNE.sim/sim_1/behav/simulate.log
# Journal file: C:/Users/admin/VIVADO project/MIPS_32_RISC_PROCESSOR_WITH_5_STAGE_PIPELNE/MIPS_32_RISC_PROCESSOR_WITH_5_STAGE_PIPELNE.sim/sim_1/behav\xsim.jou
#-----------------------------------------------------------
source xsim.dir/test_bench_behav/xsim_script.tcl
# xsim {test_bench_behav} -maxdeltaid 10000 -autoloadwcfg -tclbatch {test_bench.tcl} -key {Behavioral:sim_1:Functional:test_bench}
Vivado Simulator 2015.4
Time resolution is 1 ps
source test_bench.tcl
## set curr_wave [current_wave_config]
## if { [string length $curr_wave] == 0 } {
##   if { [llength [get_objects]] > 0} {
##     add_wave /
##     set_property needs_save false [current_wave_config]
##   } else {
##      send_msg_id Add_Wave-1 WARNING "No top level signals found. Simulator will start without a wave window. If you want to open a wave window go to 'File->New Waveform Configuration' or type 'create_wave_config' in the TCL console."
##   }
## }
## run 1000ns
xsim% 1
[1]
xsim% 6543
[6543]
xsim% dd
invalid command name "dd"
xsim% 55
[55]
xsim% 5 5 5 
invalid command name "5"
xsim% 44
[44]
xsim% xsim% end
ERROR: [Common 17-149] No command group has been started; maybe undo stack has been cleared after startgroup

xsim% exit
INFO: [Common 17-206] Exiting xsim at Wed Aug 24 22:49:21 2022...
